<?xml version="1.0" encoding="UTF-8" standalone="no" ?>
<configuration>
    <!--
        The logger in test mode doesn't work. This is a workaround:
        Call play with:
        play -Dlogger.file=conf/test-logger.xml
        Warning - it may cause memory leaks
    -->
    <conversionRule conversionWord="coloredLevel" converterClass="play.api.Logger$ColoredLevel" />

    <appender name="STDOUT" class="ch.qos.logback.core.ConsoleAppender">
        <encoder><pattern>%coloredLevel [%logger{10}] %message%n%xException{5}</pattern></encoder>
    </appender>

    <logger name="tests" level="TRACE" />
    <logger name="js" level="TRACE" />


    <root level="DEBUG">
        <appender-ref ref="STDOUT" />
    </root>
</configuration>